<?xml version="1.0" encoding="utf-8"?><testsuites name="pytest tests"><testsuite name="pytest" errors="0" failures="0" skipped="0" tests="15" time="2.903" timestamp="2026-04-19T12:57:29.425050+00:00" hostname="agent-env-bdf22137-c791-4d76-b72f-0caa5b82108c"><testcase classname="backend.tests.backend_test" name="test_root_hello" time="0.256" /><testcase classname="backend.tests.backend_test" name="test_products_public_list" time="0.136" /><testcase classname="backend.tests.backend_test" name="test_auth_session_invalid_returns_401" time="0.193" /><testcase classname="backend.tests.backend_test" name="test_auth_me_without_token_401" time="0.136" /><testcase classname="backend.tests.backend_test" name="test_auth_me_with_bearer_token" time="0.103" /><testcase classname="backend.tests.backend_test" name="test_products_post_requires_auth" time="0.109" /><testcase classname="backend.tests.backend_test" name="test_product_create_persists" time="0.301" /><testcase classname="backend.tests.backend_test" name="test_product_update" time="0.125" /><testcase classname="backend.tests.backend_test" name="test_product_update_requires_auth" time="0.109" /><testcase classname="backend.tests.backend_test" name="test_product_delete_requires_auth" time="0.221" /><testcase classname="backend.tests.backend_test" name="test_product_delete_nonexistent" time="0.114" /><testcase classname="backend.tests.backend_test" name="test_orders_requires_auth" time="0.222" /><testcase classname="backend.tests.backend_test" name="test_orders_empty_items_400" time="0.102" /><testcase classname="backend.tests.backend_test" name="test_orders_create_and_list" time="0.264" /><testcase classname="backend.tests.backend_test" name="test_logout" time="0.436" /></testsuite></testsuites>